[2017-05-09 01:18:31] local.ERROR: exception 'PDOException' with message 'SQLSTATE[HY000] [2002] No connection could be made because the target machine actively refused it.
' in C:\Users\Sajith\myproject1\vendor\doctrine\dbal\lib\Doctrine\DBAL\Driver\PDOConnection.php:43
Stack trace:
#0 C:\Users\Sajith\myproject1\vendor\doctrine\dbal\lib\Doctrine\DBAL\Driver\PDOConnection.php(43): PDO->__construct('mysql:host=127....', 'root', '', Array)
#1 C:\Users\Sajith\myproject1\vendor\laravel\framework\src\Illuminate\Database\Connectors\Connector.php(65): Doctrine\DBAL\Driver\PDOConnection->__construct('mysql:host=127....', 'root', '', Array)
#2 C:\Users\Sajith\myproject1\vendor\laravel\framework\src\Illuminate\Database\Connectors\Connector.php(45): Illuminate\Database\Connectors\Connector->createPdoConnection('mysql:host=127....', 'root', '', Array)
#3 C:\Users\Sajith\myproject1\vendor\laravel\framework\src\Illuminate\Database\Connectors\MySqlConnector.php(24): Illuminate\Database\Connectors\Connector->createConnection('mysql:host=127....', Array, Array)
#4 C:\Users\Sajith\myproject1\vendor\laravel\framework\src\Illuminate\Database\Connectors\ConnectionFactory.php(183): Illuminate\Database\Connectors\MySqlConnector->connect(Array)
#5 [internal function]: Illuminate\Database\Connectors\ConnectionFactory->Illuminate\Database\Connectors\{closure}()
#6 C:\Users\Sajith\myproject1\vendor\laravel\framework\src\Illuminate\Database\Connection.php(882): call_user_func(Object(Closure))
#7 C:\Users\Sajith\myproject1\vendor\laravel\framework\src\Illuminate\Database\Connection.php(903): Illuminate\Database\Connection->getPdo()
#8 C:\Users\Sajith\myproject1\vendor\laravel\framework\src\Illuminate\Database\Connection.php(392): Illuminate\Database\Connection->getReadPdo()
#9 C:\Users\Sajith\myproject1\vendor\laravel\framework\src\Illuminate\Database\Connection.php(318): Illuminate\Database\Connection->getPdoForSelect(true)
#10 C:\Users\Sajith\myproject1\vendor\laravel\framework\src\Illuminate\Database\Connection.php(640): Illuminate\Database\Connection->Illuminate\Database\{closure}('select column_n...', Array)
#11 C:\Users\Sajith\myproject1\vendor\laravel\framework\src\Illuminate\Database\Connection.php(607): Illuminate\Database\Connection->runQueryCallback('select column_n...', Array, Object(Closure))
#12 C:\Users\Sajith\myproject1\vendor\laravel\framework\src\Illuminate\Database\Connection.php(326): Illuminate\Database\Connection->run('select column_n...', Array, Object(Closure))
#13 C:\Users\Sajith\myproject1\vendor\laravel\framework\src\Illuminate\Database\Schema\MySqlBuilder.php(34): Illuminate\Database\Connection->select('select column_n...', Array)
#14 C:\Users\Sajith\myproject1\vendor\laravel\framework\src\Illuminate\Support\Facades\Facade.php(221): Illuminate\Database\Schema\MySqlBuilder->getColumnListing('settings')
#15 C:\Users\Sajith\myproject1\vendor\backpack\settings\src\SettingsServiceProvider.php(29): Illuminate\Support\Facades\Facade::__callStatic('getColumnListin...', Array)
#16 C:\Users\Sajith\myproject1\vendor\backpack\settings\src\SettingsServiceProvider.php(29): Illuminate\Support\Facades\Schema::getColumnListing('settings')
#17 [internal function]: Backpack\Settings\SettingsServiceProvider->boot()
#18 C:\Users\Sajith\myproject1\vendor\laravel\framework\src\Illuminate\Container\BoundMethod.php(30): call_user_func_array(Array, Array)
#19 C:\Users\Sajith\myproject1\vendor\laravel\framework\src\Illuminate\Container\BoundMethod.php(87): Illuminate\Container\BoundMethod::Illuminate\Container\{closure}()
#20 C:\Users\Sajith\myproject1\vendor\laravel\framework\src\Illuminate\Container\BoundMethod.php(31): Illuminate\Container\BoundMethod::callBoundMethod(Object(Illuminate\Foundation\Application), Array, Object(Closure))
#21 C:\Users\Sajith\myproject1\vendor\laravel\framework\src\Illuminate\Container\Container.php(531): Illuminate\Container\BoundMethod::call(Object(Illuminate\Foundation\Application), Array, Array, NULL)
#22 C:\Users\Sajith\myproject1\vendor\laravel\framework\src\Illuminate\Foundation\Application.php(768): Illuminate\Container\Container->call(Array)
#23 C:\Users\Sajith\myproject1\vendor\laravel\framework\src\Illuminate\Foundation\Application.php(751): Illuminate\Foundation\Application->bootProvider(Object(Backpack\Settings\SettingsServiceProvider))
#24 [internal function]: Illuminate\Foundation\Application->Illuminate\Foundation\{closure}(Object(Backpack\Settings\SettingsServiceProvider), 31)
#25 C:\Users\Sajith\myproject1\vendor\laravel\framework\src\Illuminate\Foundation\Application.php(752): array_walk(Array, Object(Closure))
#26 C:\Users\Sajith\myproject1\vendor\laravel\framework\src\Illuminate\Foundation\Bootstrap\BootProviders.php(17): Illuminate\Foundation\Application->boot()
#27 C:\Users\Sajith\myproject1\vendor\laravel\framework\src\Illuminate\Foundation\Application.php(208): Illuminate\Foundation\Bootstrap\BootProviders->bootstrap(Object(Illuminate\Foundation\Application))
#28 C:\Users\Sajith\myproject1\vendor\laravel\framework\src\Illuminate\Foundation\Http\Kernel.php(160): Illuminate\Foundation\Application->bootstrapWith(Array)
#29 C:\Users\Sajith\myproject1\vendor\laravel\framework\src\Illuminate\Foundation\Http\Kernel.php(144): Illuminate\Foundation\Http\Kernel->bootstrap()
#30 C:\Users\Sajith\myproject1\vendor\laravel\framework\src\Illuminate\Foundation\Http\Kernel.php(116): Illuminate\Foundation\Http\Kernel->sendRequestThroughRouter(Object(Illuminate\Http\Request))
#31 C:\Users\Sajith\myproject1\public\index.php(54): Illuminate\Foundation\Http\Kernel->handle(Object(Illuminate\Http\Request))
#32 C:\Users\Sajith\myproject1\server.php(21): require_once('C:\\Users\\Sajith...')
#33 {main}

Next exception 'Doctrine\DBAL\Driver\PDOException' with message 'SQLSTATE[HY000] [2002] No connection could be made because the target machine actively refused it.
' in C:\Users\Sajith\myproject1\vendor\doctrine\dbal\lib\Doctrine\DBAL\Driver\PDOConnection.php:47
Stack trace:
#0 C:\Users\Sajith\myproject1\vendor\laravel\framework\src\Illuminate\Database\Connectors\Connector.php(65): Doctrine\DBAL\Driver\PDOConnection::__construct('mysql:host=127....', 'root', '', Array)
#1 C:\Users\Sajith\myproject1\vendor\laravel\framework\src\Illuminate\Database\Connectors\Connector.php(45): Illuminate\Database\Connectors\Connector->createPdoConnection('mysql:host=127....', 'root', '', Array)
#2 C:\Users\Sajith\myproject1\vendor\laravel\framework\src\Illuminate\Database\Connectors\MySqlConnector.php(24): Illuminate\Database\Connectors\Connector->createConnection('mysql:host=127....', Array, Array)
#3 C:\Users\Sajith\myproject1\vendor\laravel\framework\src\Illuminate\Database\Connectors\ConnectionFactory.php(183): Illuminate\Database\Connectors\MySqlConnector->connect(Array)
#4 [internal function]: Illuminate\Database\Connectors\ConnectionFactory->Illuminate\Database\Connectors\{closure}()
#5 C:\Users\Sajith\myproject1\vendor\laravel\framework\src\Illuminate\Database\Connection.php(882): call_user_func(Object(Closure))
#6 C:\Users\Sajith\myproject1\vendor\laravel\framework\src\Illuminate\Database\Connection.php(903): Illuminate\Database\Connection->getPdo()
#7 C:\Users\Sajith\myproject1\vendor\laravel\framework\src\Illuminate\Database\Connection.php(392): Illuminate\Database\Connection->getReadPdo()
#8 C:\Users\Sajith\myproject1\vendor\laravel\framework\src\Illuminate\Database\Connection.php(318): Illuminate\Database\Connection->getPdoForSelect(true)
#9 C:\Users\Sajith\myproject1\vendor\laravel\framework\src\Illuminate\Database\Connection.php(640): Illuminate\Database\Connection->Illuminate\Database\{closure}('select column_n...', Array)
#10 C:\Users\Sajith\myproject1\vendor\laravel\framework\src\Illuminate\Database\Connection.php(607): Illuminate\Database\Connection->runQueryCallback('select column_n...', Array, Object(Closure))
#11 C:\Users\Sajith\myproject1\vendor\laravel\framework\src\Illuminate\Database\Connection.php(326): Illuminate\Database\Connection->run('select column_n...', Array, Object(Closure))
#12 C:\Users\Sajith\myproject1\vendor\laravel\framework\src\Illuminate\Database\Schema\MySqlBuilder.php(34): Illuminate\Database\Connection->select('select column_n...', Array)
#13 C:\Users\Sajith\myproject1\vendor\laravel\framework\src\Illuminate\Support\Facades\Facade.php(221): Illuminate\Database\Schema\MySqlBuilder->getColumnListing('settings')
#14 C:\Users\Sajith\myproject1\vendor\backpack\settings\src\SettingsServiceProvider.php(29): Illuminate\Support\Facades\Facade::__callStatic('getColumnListin...', Array)
#15 C:\Users\Sajith\myproject1\vendor\backpack\settings\src\SettingsServiceProvider.php(29): Illuminate\Support\Facades\Schema::getColumnListing('settings')
#16 [internal function]: Backpack\Settings\SettingsServiceProvider->boot()
#17 C:\Users\Sajith\myproject1\vendor\laravel\framework\src\Illuminate\Container\BoundMethod.php(30): call_user_func_array(Array, Array)
#18 C:\Users\Sajith\myproject1\vendor\laravel\framework\src\Illuminate\Container\BoundMethod.php(87): Illuminate\Container\BoundMethod::Illuminate\Container\{closure}()
#19 C:\Users\Sajith\myproject1\vendor\laravel\framework\src\Illuminate\Container\BoundMethod.php(31): Illuminate\Container\BoundMethod::callBoundMethod(Object(Illuminate\Foundation\Application), Array, Object(Closure))
#20 C:\Users\Sajith\myproject1\vendor\laravel\framework\src\Illuminate\Container\Container.php(531): Illuminate\Container\BoundMethod::call(Object(Illuminate\Foundation\Application), Array, Array, NULL)
#21 C:\Users\Sajith\myproject1\vendor\laravel\framework\src\Illuminate\Foundation\Application.php(768): Illuminate\Container\Container->call(Array)
#22 C:\Users\Sajith\myproject1\vendor\laravel\framework\src\Illuminate\Foundation\Application.php(751): Illuminate\Foundation\Application->bootProvider(Object(Backpack\Settings\SettingsServiceProvider))
#23 [internal function]: Illuminate\Foundation\Application->Illuminate\Foundation\{closure}(Object(Backpack\Settings\SettingsServiceProvider), 31)
#24 C:\Users\Sajith\myproject1\vendor\laravel\framework\src\Illuminate\Foundation\Application.php(752): array_walk(Array, Object(Closure))
#25 C:\Users\Sajith\myproject1\vendor\laravel\framework\src\Illuminate\Foundation\Bootstrap\BootProviders.php(17): Illuminate\Foundation\Application->boot()
#26 C:\Users\Sajith\myproject1\vendor\laravel\framework\src\Illuminate\Foundation\Application.php(208): Illuminate\Foundation\Bootstrap\BootProviders->bootstrap(Object(Illuminate\Foundation\Application))
#27 C:\Users\Sajith\myproject1\vendor\laravel\framework\src\Illuminate\Foundation\Http\Kernel.php(160): Illuminate\Foundation\Application->bootstrapWith(Array)
#28 C:\Users\Sajith\myproject1\vendor\laravel\framework\src\Illuminate\Foundation\Http\Kernel.php(144): Illuminate\Foundation\Http\Kernel->bootstrap()
#29 C:\Users\Sajith\myproject1\vendor\laravel\framework\src\Illuminate\Foundation\Http\Kernel.php(116): Illuminate\Foundation\Http\Kernel->sendRequestThroughRouter(Object(Illuminate\Http\Request))
#30 C:\Users\Sajith\myproject1\public\index.php(54): Illuminate\Foundation\Http\Kernel->handle(Object(Illuminate\Http\Request))
#31 C:\Users\Sajith\myproject1\server.php(21): require_once('C:\\Users\\Sajith...')
#32 {main}  
[2017-05-09 01:18:31] local.ERROR: exception 'PDOException' with message 'SQLSTATE[HY000] [2002] No connection could be made because the target machine actively refused it.
' in C:\Users\Sajith\myproject1\vendor\doctrine\dbal\lib\Doctrine\DBAL\Driver\PDOConnection.php:43
Stack trace:
#0 C:\Users\Sajith\myproject1\vendor\doctrine\dbal\lib\Doctrine\DBAL\Driver\PDOConnection.php(43): PDO->__construct('mysql:host=127....', 'root', '', Array)
#1 C:\Users\Sajith\myproject1\vendor\laravel\framework\src\Illuminate\Database\Connectors\Connector.php(65): Doctrine\DBAL\Driver\PDOConnection->__construct('mysql:host=127....', 'root', '', Array)
#2 C:\Users\Sajith\myproject1\vendor\laravel\framework\src\Illuminate\Database\Connectors\Connector.php(45): Illuminate\Database\Connectors\Connector->createPdoConnection('mysql:host=127....', 'root', '', Array)
#3 C:\Users\Sajith\myproject1\vendor\laravel\framework\src\Illuminate\Database\Connectors\MySqlConnector.php(24): Illuminate\Database\Connectors\Connector->createConnection('mysql:host=127....', Array, Array)
#4 C:\Users\Sajith\myproject1\vendor\laravel\framework\src\Illuminate\Database\Connectors\ConnectionFactory.php(183): Illuminate\Database\Connectors\MySqlConnector->connect(Array)
#5 [internal function]: Illuminate\Database\Connectors\ConnectionFactory->Illuminate\Database\Connectors\{closure}()
#6 C:\Users\Sajith\myproject1\vendor\laravel\framework\src\Illuminate\Database\Connection.php(882): call_user_func(Object(Closure))
#7 C:\Users\Sajith\myproject1\vendor\laravel\framework\src\Illuminate\Database\Connection.php(903): Illuminate\Database\Connection->getPdo()
#8 C:\Users\Sajith\myproject1\vendor\laravel\framework\src\Illuminate\Database\Connection.php(392): Illuminate\Database\Connection->getReadPdo()
#9 C:\Users\Sajith\myproject1\vendor\laravel\framework\src\Illuminate\Database\Connection.php(318): Illuminate\Database\Connection->getPdoForSelect(true)
#10 C:\Users\Sajith\myproject1\vendor\laravel\framework\src\Illuminate\Database\Connection.php(640): Illuminate\Database\Connection->Illuminate\Database\{closure}('select column_n...', Array)
#11 C:\Users\Sajith\myproject1\vendor\laravel\framework\src\Illuminate\Database\Connection.php(607): Illuminate\Database\Connection->runQueryCallback('select column_n...', Array, Object(Closure))
#12 C:\Users\Sajith\myproject1\vendor\laravel\framework\src\Illuminate\Database\Connection.php(326): Illuminate\Database\Connection->run('select column_n...', Array, Object(Closure))
#13 C:\Users\Sajith\myproject1\vendor\laravel\framework\src\Illuminate\Database\Schema\MySqlBuilder.php(34): Illuminate\Database\Connection->select('select column_n...', Array)
#14 C:\Users\Sajith\myproject1\vendor\laravel\framework\src\Illuminate\Support\Facades\Facade.php(221): Illuminate\Database\Schema\MySqlBuilder->getColumnListing('settings')
#15 C:\Users\Sajith\myproject1\vendor\backpack\settings\src\SettingsServiceProvider.php(29): Illuminate\Support\Facades\Facade::__callStatic('getColumnListin...', Array)
#16 C:\Users\Sajith\myproject1\vendor\backpack\settings\src\SettingsServiceProvider.php(29): Illuminate\Support\Facades\Schema::getColumnListing('settings')
#17 [internal function]: Backpack\Settings\SettingsServiceProvider->boot()
#18 C:\Users\Sajith\myproject1\vendor\laravel\framework\src\Illuminate\Container\BoundMethod.php(30): call_user_func_array(Array, Array)
#19 C:\Users\Sajith\myproject1\vendor\laravel\framework\src\Illuminate\Container\BoundMethod.php(87): Illuminate\Container\BoundMethod::Illuminate\Container\{closure}()
#20 C:\Users\Sajith\myproject1\vendor\laravel\framework\src\Illuminate\Container\BoundMethod.php(31): Illuminate\Container\BoundMethod::callBoundMethod(Object(Illuminate\Foundation\Application), Array, Object(Closure))
#21 C:\Users\Sajith\myproject1\vendor\laravel\framework\src\Illuminate\Container\Container.php(531): Illuminate\Container\BoundMethod::call(Object(Illuminate\Foundation\Application), Array, Array, NULL)
#22 C:\Users\Sajith\myproject1\vendor\laravel\framework\src\Illuminate\Foundation\Application.php(768): Illuminate\Container\Container->call(Array)
#23 C:\Users\Sajith\myproject1\vendor\laravel\framework\src\Illuminate\Foundation\Application.php(751): Illuminate\Foundation\Application->bootProvider(Object(Backpack\Settings\SettingsServiceProvider))
#24 [internal function]: Illuminate\Foundation\Application->Illuminate\Foundation\{closure}(Object(Backpack\Settings\SettingsServiceProvider), 31)
#25 C:\Users\Sajith\myproject1\vendor\laravel\framework\src\Illuminate\Foundation\Application.php(752): array_walk(Array, Object(Closure))
#26 C:\Users\Sajith\myproject1\vendor\laravel\framework\src\Illuminate\Foundation\Bootstrap\BootProviders.php(17): Illuminate\Foundation\Application->boot()
#27 C:\Users\Sajith\myproject1\vendor\laravel\framework\src\Illuminate\Foundation\Application.php(208): Illuminate\Foundation\Bootstrap\BootProviders->bootstrap(Object(Illuminate\Foundation\Application))
#28 C:\Users\Sajith\myproject1\vendor\laravel\framework\src\Illuminate\Foundation\Http\Kernel.php(160): Illuminate\Foundation\Application->bootstrapWith(Array)
#29 C:\Users\Sajith\myproject1\vendor\laravel\framework\src\Illuminate\Foundation\Http\Kernel.php(144): Illuminate\Foundation\Http\Kernel->bootstrap()
#30 C:\Users\Sajith\myproject1\vendor\laravel\framework\src\Illuminate\Foundation\Http\Kernel.php(116): Illuminate\Foundation\Http\Kernel->sendRequestThroughRouter(Object(Illuminate\Http\Request))
#31 C:\Users\Sajith\myproject1\public\index.php(54): Illuminate\Foundation\Http\Kernel->handle(Object(Illuminate\Http\Request))
#32 C:\Users\Sajith\myproject1\server.php(21): require_once('C:\\Users\\Sajith...')
#33 {main}

Next exception 'Doctrine\DBAL\Driver\PDOException' with message 'SQLSTATE[HY000] [2002] No connection could be made because the target machine actively refused it.
' in C:\Users\Sajith\myproject1\vendor\doctrine\dbal\lib\Doctrine\DBAL\Driver\PDOConnection.php:47
Stack trace:
#0 C:\Users\Sajith\myproject1\vendor\laravel\framework\src\Illuminate\Database\Connectors\Connector.php(65): Doctrine\DBAL\Driver\PDOConnection::__construct('mysql:host=127....', 'root', '', Array)
#1 C:\Users\Sajith\myproject1\vendor\laravel\framework\src\Illuminate\Database\Connectors\Connector.php(45): Illuminate\Database\Connectors\Connector->createPdoConnection('mysql:host=127....', 'root', '', Array)
#2 C:\Users\Sajith\myproject1\vendor\laravel\framework\src\Illuminate\Database\Connectors\MySqlConnector.php(24): Illuminate\Database\Connectors\Connector->createConnection('mysql:host=127....', Array, Array)
#3 C:\Users\Sajith\myproject1\vendor\laravel\framework\src\Illuminate\Database\Connectors\ConnectionFactory.php(183): Illuminate\Database\Connectors\MySqlConnector->connect(Array)
#4 [internal function]: Illuminate\Database\Connectors\ConnectionFactory->Illuminate\Database\Connectors\{closure}()
#5 C:\Users\Sajith\myproject1\vendor\laravel\framework\src\Illuminate\Database\Connection.php(882): call_user_func(Object(Closure))
#6 C:\Users\Sajith\myproject1\vendor\laravel\framework\src\Illuminate\Database\Connection.php(903): Illuminate\Database\Connection->getPdo()
#7 C:\Users\Sajith\myproject1\vendor\laravel\framework\src\Illuminate\Database\Connection.php(392): Illuminate\Database\Connection->getReadPdo()
#8 C:\Users\Sajith\myproject1\vendor\laravel\framework\src\Illuminate\Database\Connection.php(318): Illuminate\Database\Connection->getPdoForSelect(true)
#9 C:\Users\Sajith\myproject1\vendor\laravel\framework\src\Illuminate\Database\Connection.php(640): Illuminate\Database\Connection->Illuminate\Database\{closure}('select column_n...', Array)
#10 C:\Users\Sajith\myproject1\vendor\laravel\framework\src\Illuminate\Database\Connection.php(607): Illuminate\Database\Connection->runQueryCallback('select column_n...', Array, Object(Closure))
#11 C:\Users\Sajith\myproject1\vendor\laravel\framework\src\Illuminate\Database\Connection.php(326): Illuminate\Database\Connection->run('select column_n...', Array, Object(Closure))
#12 C:\Users\Sajith\myproject1\vendor\laravel\framework\src\Illuminate\Database\Schema\MySqlBuilder.php(34): Illuminate\Database\Connection->select('select column_n...', Array)
#13 C:\Users\Sajith\myproject1\vendor\laravel\framework\src\Illuminate\Support\Facades\Facade.php(221): Illuminate\Database\Schema\MySqlBuilder->getColumnListing('settings')
#14 C:\Users\Sajith\myproject1\vendor\backpack\settings\src\SettingsServiceProvider.php(29): Illuminate\Support\Facades\Facade::__callStatic('getColumnListin...', Array)
#15 C:\Users\Sajith\myproject1\vendor\backpack\settings\src\SettingsServiceProvider.php(29): Illuminate\Support\Facades\Schema::getColumnListing('settings')
#16 [internal function]: Backpack\Settings\SettingsServiceProvider->boot()
#17 C:\Users\Sajith\myproject1\vendor\laravel\framework\src\Illuminate\Container\BoundMethod.php(30): call_user_func_array(Array, Array)
#18 C:\Users\Sajith\myproject1\vendor\laravel\framework\src\Illuminate\Container\BoundMethod.php(87): Illuminate\Container\BoundMethod::Illuminate\Container\{closure}()
#19 C:\Users\Sajith\myproject1\vendor\laravel\framework\src\Illuminate\Container\BoundMethod.php(31): Illuminate\Container\BoundMethod::callBoundMethod(Object(Illuminate\Foundation\Application), Array, Object(Closure))
#20 C:\Users\Sajith\myproject1\vendor\laravel\framework\src\Illuminate\Container\Container.php(531): Illuminate\Container\BoundMethod::call(Object(Illuminate\Foundation\Application), Array, Array, NULL)
#21 C:\Users\Sajith\myproject1\vendor\laravel\framework\src\Illuminate\Foundation\Application.php(768): Illuminate\Container\Container->call(Array)
#22 C:\Users\Sajith\myproject1\vendor\laravel\framework\src\Illuminate\Foundation\Application.php(751): Illuminate\Foundation\Application->bootProvider(Object(Backpack\Settings\SettingsServiceProvider))
#23 [internal function]: Illuminate\Foundation\Application->Illuminate\Foundation\{closure}(Object(Backpack\Settings\SettingsServiceProvider), 31)
#24 C:\Users\Sajith\myproject1\vendor\laravel\framework\src\Illuminate\Foundation\Application.php(752): array_walk(Array, Object(Closure))
#25 C:\Users\Sajith\myproject1\vendor\laravel\framework\src\Illuminate\Foundation\Bootstrap\BootProviders.php(17): Illuminate\Foundation\Application->boot()
#26 C:\Users\Sajith\myproject1\vendor\laravel\framework\src\Illuminate\Foundation\Application.php(208): Illuminate\Foundation\Bootstrap\BootProviders->bootstrap(Object(Illuminate\Foundation\Application))
#27 C:\Users\Sajith\myproject1\vendor\laravel\framework\src\Illuminate\Foundation\Http\Kernel.php(160): Illuminate\Foundation\Application->bootstrapWith(Array)
#28 C:\Users\Sajith\myproject1\vendor\laravel\framework\src\Illuminate\Foundation\Http\Kernel.php(144): Illuminate\Foundation\Http\Kernel->bootstrap()
#29 C:\Users\Sajith\myproject1\vendor\laravel\framework\src\Illuminate\Foundation\Http\Kernel.php(116): Illuminate\Foundation\Http\Kernel->sendRequestThroughRouter(Object(Illuminate\Http\Request))
#30 C:\Users\Sajith\myproject1\public\index.php(54): Illuminate\Foundation\Http\Kernel->handle(Object(Illuminate\Http\Request))
#31 C:\Users\Sajith\myproject1\server.php(21): require_once('C:\\Users\\Sajith...')
#32 {main}

Next exception 'Illuminate\Database\QueryException' with message 'SQLSTATE[HY000] [2002] No connection could be made because the target machine actively refused it.
 (SQL: select column_name from information_schema.columns where table_schema = forge and table_name = settings)' in C:\Users\Sajith\myproject1\vendor\laravel\framework\src\Illuminate\Database\Connection.php:647
Stack trace:
#0 C:\Users\Sajith\myproject1\vendor\laravel\framework\src\Illuminate\Database\Connection.php(607): Illuminate\Database\Connection->runQueryCallback('select column_n...', Array, Object(Closure))
#1 C:\Users\Sajith\myproject1\vendor\laravel\framework\src\Illuminate\Database\Connection.php(326): Illuminate\Database\Connection->run('select column_n...', Array, Object(Closure))
#2 C:\Users\Sajith\myproject1\vendor\laravel\framework\src\Illuminate\Database\Schema\MySqlBuilder.php(34): Illuminate\Database\Connection->select('select column_n...', Array)
#3 C:\Users\Sajith\myproject1\vendor\laravel\framework\src\Illuminate\Support\Facades\Facade.php(221): Illuminate\Database\Schema\MySqlBuilder->getColumnListing('settings')
#4 C:\Users\Sajith\myproject1\vendor\backpack\settings\src\SettingsServiceProvider.php(29): Illuminate\Support\Facades\Facade::__callStatic('getColumnListin...', Array)
#5 C:\Users\Sajith\myproject1\vendor\backpack\settings\src\SettingsServiceProvider.php(29): Illuminate\Support\Facades\Schema::getColumnListing('settings')
#6 [internal function]: Backpack\Settings\SettingsServiceProvider->boot()
#7 C:\Users\Sajith\myproject1\vendor\laravel\framework\src\Illuminate\Container\BoundMethod.php(30): call_user_func_array(Array, Array)
#8 C:\Users\Sajith\myproject1\vendor\laravel\framework\src\Illuminate\Container\BoundMethod.php(87): Illuminate\Container\BoundMethod::Illuminate\Container\{closure}()
#9 C:\Users\Sajith\myproject1\vendor\laravel\framework\src\Illuminate\Container\BoundMethod.php(31): Illuminate\Container\BoundMethod::callBoundMethod(Object(Illuminate\Foundation\Application), Array, Object(Closure))
#10 C:\Users\Sajith\myproject1\vendor\laravel\framework\src\Illuminate\Container\Container.php(531): Illuminate\Container\BoundMethod::call(Object(Illuminate\Foundation\Application), Array, Array, NULL)
#11 C:\Users\Sajith\myproject1\vendor\laravel\framework\src\Illuminate\Foundation\Application.php(768): Illuminate\Container\Container->call(Array)
#12 C:\Users\Sajith\myproject1\vendor\laravel\framework\src\Illuminate\Foundation\Application.php(751): Illuminate\Foundation\Application->bootProvider(Object(Backpack\Settings\SettingsServiceProvider))
#13 [internal function]: Illuminate\Foundation\Application->Illuminate\Foundation\{closure}(Object(Backpack\Settings\SettingsServiceProvider), 31)
#14 C:\Users\Sajith\myproject1\vendor\laravel\framework\src\Illuminate\Foundation\Application.php(752): array_walk(Array, Object(Closure))
#15 C:\Users\Sajith\myproject1\vendor\laravel\framework\src\Illuminate\Foundation\Bootstrap\BootProviders.php(17): Illuminate\Foundation\Application->boot()
#16 C:\Users\Sajith\myproject1\vendor\laravel\framework\src\Illuminate\Foundation\Application.php(208): Illuminate\Foundation\Bootstrap\BootProviders->bootstrap(Object(Illuminate\Foundation\Application))
#17 C:\Users\Sajith\myproject1\vendor\laravel\framework\src\Illuminate\Foundation\Http\Kernel.php(160): Illuminate\Foundation\Application->bootstrapWith(Array)
#18 C:\Users\Sajith\myproject1\vendor\laravel\framework\src\Illuminate\Foundation\Http\Kernel.php(144): Illuminate\Foundation\Http\Kernel->bootstrap()
#19 C:\Users\Sajith\myproject1\vendor\laravel\framework\src\Illuminate\Foundation\Http\Kernel.php(116): Illuminate\Foundation\Http\Kernel->sendRequestThroughRouter(Object(Illuminate\Http\Request))
#20 C:\Users\Sajith\myproject1\public\index.php(54): Illuminate\Foundation\Http\Kernel->handle(Object(Illuminate\Http\Request))
#21 C:\Users\Sajith\myproject1\server.php(21): require_once('C:\\Users\\Sajith...')
#22 {main}  
[2017-05-09 01:19:33] local.ERROR: exception 'PDOException' with message 'SQLSTATE[HY000] [2002] No connection could be made because the target machine actively refused it.
' in C:\Users\Sajith\myproject1\vendor\doctrine\dbal\lib\Doctrine\DBAL\Driver\PDOConnection.php:43
Stack trace:
#0 C:\Users\Sajith\myproject1\vendor\doctrine\dbal\lib\Doctrine\DBAL\Driver\PDOConnection.php(43): PDO->__construct('mysql:host=127....', 'root', '', Array)
#1 C:\Users\Sajith\myproject1\vendor\laravel\framework\src\Illuminate\Database\Connectors\Connector.php(65): Doctrine\DBAL\Driver\PDOConnection->__construct('mysql:host=127....', 'root', '', Array)
#2 C:\Users\Sajith\myproject1\vendor\laravel\framework\src\Illuminate\Database\Connectors\Connector.php(45): Illuminate\Database\Connectors\Connector->createPdoConnection('mysql:host=127....', 'root', '', Array)
#3 C:\Users\Sajith\myproject1\vendor\laravel\framework\src\Illuminate\Database\Connectors\MySqlConnector.php(24): Illuminate\Database\Connectors\Connector->createConnection('mysql:host=127....', Array, Array)
#4 C:\Users\Sajith\myproject1\vendor\laravel\framework\src\Illuminate\Database\Connectors\ConnectionFactory.php(183): Illuminate\Database\Connectors\MySqlConnector->connect(Array)
#5 [internal function]: Illuminate\Database\Connectors\ConnectionFactory->Illuminate\Database\Connectors\{closure}()
#6 C:\Users\Sajith\myproject1\vendor\laravel\framework\src\Illuminate\Database\Connection.php(882): call_user_func(Object(Closure))
#7 C:\Users\Sajith\myproject1\vendor\laravel\framework\src\Illuminate\Database\Connection.php(903): Illuminate\Database\Connection->getPdo()
#8 C:\Users\Sajith\myproject1\vendor\laravel\framework\src\Illuminate\Database\Connection.php(392): Illuminate\Database\Connection->getReadPdo()
#9 C:\Users\Sajith\myproject1\vendor\laravel\framework\src\Illuminate\Database\Connection.php(318): Illuminate\Database\Connection->getPdoForSelect(true)
#10 C:\Users\Sajith\myproject1\vendor\laravel\framework\src\Illuminate\Database\Connection.php(640): Illuminate\Database\Connection->Illuminate\Database\{closure}('select column_n...', Array)
#11 C:\Users\Sajith\myproject1\vendor\laravel\framework\src\Illuminate\Database\Connection.php(607): Illuminate\Database\Connection->runQueryCallback('select column_n...', Array, Object(Closure))
#12 C:\Users\Sajith\myproject1\vendor\laravel\framework\src\Illuminate\Database\Connection.php(326): Illuminate\Database\Connection->run('select column_n...', Array, Object(Closure))
#13 C:\Users\Sajith\myproject1\vendor\laravel\framework\src\Illuminate\Database\Schema\MySqlBuilder.php(34): Illuminate\Database\Connection->select('select column_n...', Array)
#14 C:\Users\Sajith\myproject1\vendor\laravel\framework\src\Illuminate\Support\Facades\Facade.php(221): Illuminate\Database\Schema\MySqlBuilder->getColumnListing('settings')
#15 C:\Users\Sajith\myproject1\vendor\backpack\settings\src\SettingsServiceProvider.php(29): Illuminate\Support\Facades\Facade::__callStatic('getColumnListin...', Array)
#16 C:\Users\Sajith\myproject1\vendor\backpack\settings\src\SettingsServiceProvider.php(29): Illuminate\Support\Facades\Schema::getColumnListing('settings')
#17 [internal function]: Backpack\Settings\SettingsServiceProvider->boot()
#18 C:\Users\Sajith\myproject1\vendor\laravel\framework\src\Illuminate\Container\BoundMethod.php(30): call_user_func_array(Array, Array)
#19 C:\Users\Sajith\myproject1\vendor\laravel\framework\src\Illuminate\Container\BoundMethod.php(87): Illuminate\Container\BoundMethod::Illuminate\Container\{closure}()
#20 C:\Users\Sajith\myproject1\vendor\laravel\framework\src\Illuminate\Container\BoundMethod.php(31): Illuminate\Container\BoundMethod::callBoundMethod(Object(Illuminate\Foundation\Application), Array, Object(Closure))
#21 C:\Users\Sajith\myproject1\vendor\laravel\framework\src\Illuminate\Container\Container.php(531): Illuminate\Container\BoundMethod::call(Object(Illuminate\Foundation\Application), Array, Array, NULL)
#22 C:\Users\Sajith\myproject1\vendor\laravel\framework\src\Illuminate\Foundation\Application.php(768): Illuminate\Container\Container->call(Array)
#23 C:\Users\Sajith\myproject1\vendor\laravel\framework\src\Illuminate\Foundation\Application.php(751): Illuminate\Foundation\Application->bootProvider(Object(Backpack\Settings\SettingsServiceProvider))
#24 [internal function]: Illuminate\Foundation\Application->Illuminate\Foundation\{closure}(Object(Backpack\Settings\SettingsServiceProvider), 31)
#25 C:\Users\Sajith\myproject1\vendor\laravel\framework\src\Illuminate\Foundation\Application.php(752): array_walk(Array, Object(Closure))
#26 C:\Users\Sajith\myproject1\vendor\laravel\framework\src\Illuminate\Foundation\Bootstrap\BootProviders.php(17): Illuminate\Foundation\Application->boot()
#27 C:\Users\Sajith\myproject1\vendor\laravel\framework\src\Illuminate\Foundation\Application.php(208): Illuminate\Foundation\Bootstrap\BootProviders->bootstrap(Object(Illuminate\Foundation\Application))
#28 C:\Users\Sajith\myproject1\vendor\laravel\framework\src\Illuminate\Foundation\Http\Kernel.php(160): Illuminate\Foundation\Application->bootstrapWith(Array)
#29 C:\Users\Sajith\myproject1\vendor\laravel\framework\src\Illuminate\Foundation\Http\Kernel.php(144): Illuminate\Foundation\Http\Kernel->bootstrap()
#30 C:\Users\Sajith\myproject1\vendor\laravel\framework\src\Illuminate\Foundation\Http\Kernel.php(116): Illuminate\Foundation\Http\Kernel->sendRequestThroughRouter(Object(Illuminate\Http\Request))
#31 C:\Users\Sajith\myproject1\public\index.php(54): Illuminate\Foundation\Http\Kernel->handle(Object(Illuminate\Http\Request))
#32 C:\Users\Sajith\myproject1\server.php(21): require_once('C:\\Users\\Sajith...')
#33 {main}

Next exception 'Doctrine\DBAL\Driver\PDOException' with message 'SQLSTATE[HY000] [2002] No connection could be made because the target machine actively refused it.
' in C:\Users\Sajith\myproject1\vendor\doctrine\dbal\lib\Doctrine\DBAL\Driver\PDOConnection.php:47
Stack trace:
#0 C:\Users\Sajith\myproject1\vendor\laravel\framework\src\Illuminate\Database\Connectors\Connector.php(65): Doctrine\DBAL\Driver\PDOConnection::__construct('mysql:host=127....', 'root', '', Array)
#1 C:\Users\Sajith\myproject1\vendor\laravel\framework\src\Illuminate\Database\Connectors\Connector.php(45): Illuminate\Database\Connectors\Connector->createPdoConnection('mysql:host=127....', 'root', '', Array)
#2 C:\Users\Sajith\myproject1\vendor\laravel\framework\src\Illuminate\Database\Connectors\MySqlConnector.php(24): Illuminate\Database\Connectors\Connector->createConnection('mysql:host=127....', Array, Array)
#3 C:\Users\Sajith\myproject1\vendor\laravel\framework\src\Illuminate\Database\Connectors\ConnectionFactory.php(183): Illuminate\Database\Connectors\MySqlConnector->connect(Array)
#4 [internal function]: Illuminate\Database\Connectors\ConnectionFactory->Illuminate\Database\Connectors\{closure}()
#5 C:\Users\Sajith\myproject1\vendor\laravel\framework\src\Illuminate\Database\Connection.php(882): call_user_func(Object(Closure))
#6 C:\Users\Sajith\myproject1\vendor\laravel\framework\src\Illuminate\Database\Connection.php(903): Illuminate\Database\Connection->getPdo()
#7 C:\Users\Sajith\myproject1\vendor\laravel\framework\src\Illuminate\Database\Connection.php(392): Illuminate\Database\Connection->getReadPdo()
#8 C:\Users\Sajith\myproject1\vendor\laravel\framework\src\Illuminate\Database\Connection.php(318): Illuminate\Database\Connection->getPdoForSelect(true)
#9 C:\Users\Sajith\myproject1\vendor\laravel\framework\src\Illuminate\Database\Connection.php(640): Illuminate\Database\Connection->Illuminate\Database\{closure}('select column_n...', Array)
#10 C:\Users\Sajith\myproject1\vendor\laravel\framework\src\Illuminate\Database\Connection.php(607): Illuminate\Database\Connection->runQueryCallback('select column_n...', Array, Object(Closure))
#11 C:\Users\Sajith\myproject1\vendor\laravel\framework\src\Illuminate\Database\Connection.php(326): Illuminate\Database\Connection->run('select column_n...', Array, Object(Closure))
#12 C:\Users\Sajith\myproject1\vendor\laravel\framework\src\Illuminate\Database\Schema\MySqlBuilder.php(34): Illuminate\Database\Connection->select('select column_n...', Array)
#13 C:\Users\Sajith\myproject1\vendor\laravel\framework\src\Illuminate\Support\Facades\Facade.php(221): Illuminate\Database\Schema\MySqlBuilder->getColumnListing('settings')
#14 C:\Users\Sajith\myproject1\vendor\backpack\settings\src\SettingsServiceProvider.php(29): Illuminate\Support\Facades\Facade::__callStatic('getColumnListin...', Array)
#15 C:\Users\Sajith\myproject1\vendor\backpack\settings\src\SettingsServiceProvider.php(29): Illuminate\Support\Facades\Schema::getColumnListing('settings')
#16 [internal function]: Backpack\Settings\SettingsServiceProvider->boot()
#17 C:\Users\Sajith\myproject1\vendor\laravel\framework\src\Illuminate\Container\BoundMethod.php(30): call_user_func_array(Array, Array)
#18 C:\Users\Sajith\myproject1\vendor\laravel\framework\src\Illuminate\Container\BoundMethod.php(87): Illuminate\Container\BoundMethod::Illuminate\Container\{closure}()
#19 C:\Users\Sajith\myproject1\vendor\laravel\framework\src\Illuminate\Container\BoundMethod.php(31): Illuminate\Container\BoundMethod::callBoundMethod(Object(Illuminate\Foundation\Application), Array, Object(Closure))
#20 C:\Users\Sajith\myproject1\vendor\laravel\framework\src\Illuminate\Container\Container.php(531): Illuminate\Container\BoundMethod::call(Object(Illuminate\Foundation\Application), Array, Array, NULL)
#21 C:\Users\Sajith\myproject1\vendor\laravel\framework\src\Illuminate\Foundation\Application.php(768): Illuminate\Container\Container->call(Array)
#22 C:\Users\Sajith\myproject1\vendor\laravel\framework\src\Illuminate\Foundation\Application.php(751): Illuminate\Foundation\Application->bootProvider(Object(Backpack\Settings\SettingsServiceProvider))
#23 [internal function]: Illuminate\Foundation\Application->Illuminate\Foundation\{closure}(Object(Backpack\Settings\SettingsServiceProvider), 31)
#24 C:\Users\Sajith\myproject1\vendor\laravel\framework\src\Illuminate\Foundation\Application.php(752): array_walk(Array, Object(Closure))
#25 C:\Users\Sajith\myproject1\vendor\laravel\framework\src\Illuminate\Foundation\Bootstrap\BootProviders.php(17): Illuminate\Foundation\Application->boot()
#26 C:\Users\Sajith\myproject1\vendor\laravel\framework\src\Illuminate\Foundation\Application.php(208): Illuminate\Foundation\Bootstrap\BootProviders->bootstrap(Object(Illuminate\Foundation\Application))
#27 C:\Users\Sajith\myproject1\vendor\laravel\framework\src\Illuminate\Foundation\Http\Kernel.php(160): Illuminate\Foundation\Application->bootstrapWith(Array)
#28 C:\Users\Sajith\myproject1\vendor\laravel\framework\src\Illuminate\Foundation\Http\Kernel.php(144): Illuminate\Foundation\Http\Kernel->bootstrap()
#29 C:\Users\Sajith\myproject1\vendor\laravel\framework\src\Illuminate\Foundation\Http\Kernel.php(116): Illuminate\Foundation\Http\Kernel->sendRequestThroughRouter(Object(Illuminate\Http\Request))
#30 C:\Users\Sajith\myproject1\public\index.php(54): Illuminate\Foundation\Http\Kernel->handle(Object(Illuminate\Http\Request))
#31 C:\Users\Sajith\myproject1\server.php(21): require_once('C:\\Users\\Sajith...')
#32 {main}  
[2017-05-09 01:19:33] local.ERROR: exception 'PDOException' with message 'SQLSTATE[HY000] [2002] No connection could be made because the target machine actively refused it.
' in C:\Users\Sajith\myproject1\vendor\doctrine\dbal\lib\Doctrine\DBAL\Driver\PDOConnection.php:43
Stack trace:
#0 C:\Users\Sajith\myproject1\vendor\doctrine\dbal\lib\Doctrine\DBAL\Driver\PDOConnection.php(43): PDO->__construct('mysql:host=127....', 'root', '', Array)
#1 C:\Users\Sajith\myproject1\vendor\laravel\framework\src\Illuminate\Database\Connectors\Connector.php(65): Doctrine\DBAL\Driver\PDOConnection->__construct('mysql:host=127....', 'root', '', Array)
#2 C:\Users\Sajith\myproject1\vendor\laravel\framework\src\Illuminate\Database\Connectors\Connector.php(45): Illuminate\Database\Connectors\Connector->createPdoConnection('mysql:host=127....', 'root', '', Array)
#3 C:\Users\Sajith\myproject1\vendor\laravel\framework\src\Illuminate\Database\Connectors\MySqlConnector.php(24): Illuminate\Database\Connectors\Connector->createConnection('mysql:host=127....', Array, Array)
#4 C:\Users\Sajith\myproject1\vendor\laravel\framework\src\Illuminate\Database\Connectors\ConnectionFactory.php(183): Illuminate\Database\Connectors\MySqlConnector->connect(Array)
#5 [internal function]: Illuminate\Database\Connectors\ConnectionFactory->Illuminate\Database\Connectors\{closure}()
#6 C:\Users\Sajith\myproject1\vendor\laravel\framework\src\Illuminate\Database\Connection.php(882): call_user_func(Object(Closure))
#7 C:\Users\Sajith\myproject1\vendor\laravel\framework\src\Illuminate\Database\Connection.php(903): Illuminate\Database\Connection->getPdo()
#8 C:\Users\Sajith\myproject1\vendor\laravel\framework\src\Illuminate\Database\Connection.php(392): Illuminate\Database\Connection->getReadPdo()
#9 C:\Users\Sajith\myproject1\vendor\laravel\framework\src\Illuminate\Database\Connection.php(318): Illuminate\Database\Connection->getPdoForSelect(true)
#10 C:\Users\Sajith\myproject1\vendor\laravel\framework\src\Illuminate\Database\Connection.php(640): Illuminate\Database\Connection->Illuminate\Database\{closure}('select column_n...', Array)
#11 C:\Users\Sajith\myproject1\vendor\laravel\framework\src\Illuminate\Database\Connection.php(607): Illuminate\Database\Connection->runQueryCallback('select column_n...', Array, Object(Closure))
#12 C:\Users\Sajith\myproject1\vendor\laravel\framework\src\Illuminate\Database\Connection.php(326): Illuminate\Database\Connection->run('select column_n...', Array, Object(Closure))
#13 C:\Users\Sajith\myproject1\vendor\laravel\framework\src\Illuminate\Database\Schema\MySqlBuilder.php(34): Illuminate\Database\Connection->select('select column_n...', Array)
#14 C:\Users\Sajith\myproject1\vendor\laravel\framework\src\Illuminate\Support\Facades\Facade.php(221): Illuminate\Database\Schema\MySqlBuilder->getColumnListing('settings')
#15 C:\Users\Sajith\myproject1\vendor\backpack\settings\src\SettingsServiceProvider.php(29): Illuminate\Support\Facades\Facade::__callStatic('getColumnListin...', Array)
#16 C:\Users\Sajith\myproject1\vendor\backpack\settings\src\SettingsServiceProvider.php(29): Illuminate\Support\Facades\Schema::getColumnListing('settings')
#17 [internal function]: Backpack\Settings\SettingsServiceProvider->boot()
#18 C:\Users\Sajith\myproject1\vendor\laravel\framework\src\Illuminate\Container\BoundMethod.php(30): call_user_func_array(Array, Array)
#19 C:\Users\Sajith\myproject1\vendor\laravel\framework\src\Illuminate\Container\BoundMethod.php(87): Illuminate\Container\BoundMethod::Illuminate\Container\{closure}()
#20 C:\Users\Sajith\myproject1\vendor\laravel\framework\src\Illuminate\Container\BoundMethod.php(31): Illuminate\Container\BoundMethod::callBoundMethod(Object(Illuminate\Foundation\Application), Array, Object(Closure))
#21 C:\Users\Sajith\myproject1\vendor\laravel\framework\src\Illuminate\Container\Container.php(531): Illuminate\Container\BoundMethod::call(Object(Illuminate\Foundation\Application), Array, Array, NULL)
#22 C:\Users\Sajith\myproject1\vendor\laravel\framework\src\Illuminate\Foundation\Application.php(768): Illuminate\Container\Container->call(Array)
#23 C:\Users\Sajith\myproject1\vendor\laravel\framework\src\Illuminate\Foundation\Application.php(751): Illuminate\Foundation\Application->bootProvider(Object(Backpack\Settings\SettingsServiceProvider))
#24 [internal function]: Illuminate\Foundation\Application->Illuminate\Foundation\{closure}(Object(Backpack\Settings\SettingsServiceProvider), 31)
#25 C:\Users\Sajith\myproject1\vendor\laravel\framework\src\Illuminate\Foundation\Application.php(752): array_walk(Array, Object(Closure))
#26 C:\Users\Sajith\myproject1\vendor\laravel\framework\src\Illuminate\Foundation\Bootstrap\BootProviders.php(17): Illuminate\Foundation\Application->boot()
#27 C:\Users\Sajith\myproject1\vendor\laravel\framework\src\Illuminate\Foundation\Application.php(208): Illuminate\Foundation\Bootstrap\BootProviders->bootstrap(Object(Illuminate\Foundation\Application))
#28 C:\Users\Sajith\myproject1\vendor\laravel\framework\src\Illuminate\Foundation\Http\Kernel.php(160): Illuminate\Foundation\Application->bootstrapWith(Array)
#29 C:\Users\Sajith\myproject1\vendor\laravel\framework\src\Illuminate\Foundation\Http\Kernel.php(144): Illuminate\Foundation\Http\Kernel->bootstrap()
#30 C:\Users\Sajith\myproject1\vendor\laravel\framework\src\Illuminate\Foundation\Http\Kernel.php(116): Illuminate\Foundation\Http\Kernel->sendRequestThroughRouter(Object(Illuminate\Http\Request))
#31 C:\Users\Sajith\myproject1\public\index.php(54): Illuminate\Foundation\Http\Kernel->handle(Object(Illuminate\Http\Request))
#32 C:\Users\Sajith\myproject1\server.php(21): require_once('C:\\Users\\Sajith...')
#33 {main}

Next exception 'Doctrine\DBAL\Driver\PDOException' with message 'SQLSTATE[HY000] [2002] No connection could be made because the target machine actively refused it.
' in C:\Users\Sajith\myproject1\vendor\doctrine\dbal\lib\Doctrine\DBAL\Driver\PDOConnection.php:47
Stack trace:
#0 C:\Users\Sajith\myproject1\vendor\laravel\framework\src\Illuminate\Database\Connectors\Connector.php(65): Doctrine\DBAL\Driver\PDOConnection::__construct('mysql:host=127....', 'root', '', Array)
#1 C:\Users\Sajith\myproject1\vendor\laravel\framework\src\Illuminate\Database\Connectors\Connector.php(45): Illuminate\Database\Connectors\Connector->createPdoConnection('mysql:host=127....', 'root', '', Array)
#2 C:\Users\Sajith\myproject1\vendor\laravel\framework\src\Illuminate\Database\Connectors\MySqlConnector.php(24): Illuminate\Database\Connectors\Connector->createConnection('mysql:host=127....', Array, Array)
#3 C:\Users\Sajith\myproject1\vendor\laravel\framework\src\Illuminate\Database\Connectors\ConnectionFactory.php(183): Illuminate\Database\Connectors\MySqlConnector->connect(Array)
#4 [internal function]: Illuminate\Database\Connectors\ConnectionFactory->Illuminate\Database\Connectors\{closure}()
#5 C:\Users\Sajith\myproject1\vendor\laravel\framework\src\Illuminate\Database\Connection.php(882): call_user_func(Object(Closure))
#6 C:\Users\Sajith\myproject1\vendor\laravel\framework\src\Illuminate\Database\Connection.php(903): Illuminate\Database\Connection->getPdo()
#7 C:\Users\Sajith\myproject1\vendor\laravel\framework\src\Illuminate\Database\Connection.php(392): Illuminate\Database\Connection->getReadPdo()
#8 C:\Users\Sajith\myproject1\vendor\laravel\framework\src\Illuminate\Database\Connection.php(318): Illuminate\Database\Connection->getPdoForSelect(true)
#9 C:\Users\Sajith\myproject1\vendor\laravel\framework\src\Illuminate\Database\Connection.php(640): Illuminate\Database\Connection->Illuminate\Database\{closure}('select column_n...', Array)
#10 C:\Users\Sajith\myproject1\vendor\laravel\framework\src\Illuminate\Database\Connection.php(607): Illuminate\Database\Connection->runQueryCallback('select column_n...', Array, Object(Closure))
#11 C:\Users\Sajith\myproject1\vendor\laravel\framework\src\Illuminate\Database\Connection.php(326): Illuminate\Database\Connection->run('select column_n...', Array, Object(Closure))
#12 C:\Users\Sajith\myproject1\vendor\laravel\framework\src\Illuminate\Database\Schema\MySqlBuilder.php(34): Illuminate\Database\Connection->select('select column_n...', Array)
#13 C:\Users\Sajith\myproject1\vendor\laravel\framework\src\Illuminate\Support\Facades\Facade.php(221): Illuminate\Database\Schema\MySqlBuilder->getColumnListing('settings')
#14 C:\Users\Sajith\myproject1\vendor\backpack\settings\src\SettingsServiceProvider.php(29): Illuminate\Support\Facades\Facade::__callStatic('getColumnListin...', Array)
#15 C:\Users\Sajith\myproject1\vendor\backpack\settings\src\SettingsServiceProvider.php(29): Illuminate\Support\Facades\Schema::getColumnListing('settings')
#16 [internal function]: Backpack\Settings\SettingsServiceProvider->boot()
#17 C:\Users\Sajith\myproject1\vendor\laravel\framework\src\Illuminate\Container\BoundMethod.php(30): call_user_func_array(Array, Array)
#18 C:\Users\Sajith\myproject1\vendor\laravel\framework\src\Illuminate\Container\BoundMethod.php(87): Illuminate\Container\BoundMethod::Illuminate\Container\{closure}()
#19 C:\Users\Sajith\myproject1\vendor\laravel\framework\src\Illuminate\Container\BoundMethod.php(31): Illuminate\Container\BoundMethod::callBoundMethod(Object(Illuminate\Foundation\Application), Array, Object(Closure))
#20 C:\Users\Sajith\myproject1\vendor\laravel\framework\src\Illuminate\Container\Container.php(531): Illuminate\Container\BoundMethod::call(Object(Illuminate\Foundation\Application), Array, Array, NULL)
#21 C:\Users\Sajith\myproject1\vendor\laravel\framework\src\Illuminate\Foundation\Application.php(768): Illuminate\Container\Container->call(Array)
#22 C:\Users\Sajith\myproject1\vendor\laravel\framework\src\Illuminate\Foundation\Application.php(751): Illuminate\Foundation\Application->bootProvider(Object(Backpack\Settings\SettingsServiceProvider))
#23 [internal function]: Illuminate\Foundation\Application->Illuminate\Foundation\{closure}(Object(Backpack\Settings\SettingsServiceProvider), 31)
#24 C:\Users\Sajith\myproject1\vendor\laravel\framework\src\Illuminate\Foundation\Application.php(752): array_walk(Array, Object(Closure))
#25 C:\Users\Sajith\myproject1\vendor\laravel\framework\src\Illuminate\Foundation\Bootstrap\BootProviders.php(17): Illuminate\Foundation\Application->boot()
#26 C:\Users\Sajith\myproject1\vendor\laravel\framework\src\Illuminate\Foundation\Application.php(208): Illuminate\Foundation\Bootstrap\BootProviders->bootstrap(Object(Illuminate\Foundation\Application))
#27 C:\Users\Sajith\myproject1\vendor\laravel\framework\src\Illuminate\Foundation\Http\Kernel.php(160): Illuminate\Foundation\Application->bootstrapWith(Array)
#28 C:\Users\Sajith\myproject1\vendor\laravel\framework\src\Illuminate\Foundation\Http\Kernel.php(144): Illuminate\Foundation\Http\Kernel->bootstrap()
#29 C:\Users\Sajith\myproject1\vendor\laravel\framework\src\Illuminate\Foundation\Http\Kernel.php(116): Illuminate\Foundation\Http\Kernel->sendRequestThroughRouter(Object(Illuminate\Http\Request))
#30 C:\Users\Sajith\myproject1\public\index.php(54): Illuminate\Foundation\Http\Kernel->handle(Object(Illuminate\Http\Request))
#31 C:\Users\Sajith\myproject1\server.php(21): require_once('C:\\Users\\Sajith...')
#32 {main}

Next exception 'Illuminate\Database\QueryException' with message 'SQLSTATE[HY000] [2002] No connection could be made because the target machine actively refused it.
 (SQL: select column_name from information_schema.columns where table_schema = forge and table_name = settings)' in C:\Users\Sajith\myproject1\vendor\laravel\framework\src\Illuminate\Database\Connection.php:647
Stack trace:
#0 C:\Users\Sajith\myproject1\vendor\laravel\framework\src\Illuminate\Database\Connection.php(607): Illuminate\Database\Connection->runQueryCallback('select column_n...', Array, Object(Closure))
#1 C:\Users\Sajith\myproject1\vendor\laravel\framework\src\Illuminate\Database\Connection.php(326): Illuminate\Database\Connection->run('select column_n...', Array, Object(Closure))
#2 C:\Users\Sajith\myproject1\vendor\laravel\framework\src\Illuminate\Database\Schema\MySqlBuilder.php(34): Illuminate\Database\Connection->select('select column_n...', Array)
#3 C:\Users\Sajith\myproject1\vendor\laravel\framework\src\Illuminate\Support\Facades\Facade.php(221): Illuminate\Database\Schema\MySqlBuilder->getColumnListing('settings')
#4 C:\Users\Sajith\myproject1\vendor\backpack\settings\src\SettingsServiceProvider.php(29): Illuminate\Support\Facades\Facade::__callStatic('getColumnListin...', Array)
#5 C:\Users\Sajith\myproject1\vendor\backpack\settings\src\SettingsServiceProvider.php(29): Illuminate\Support\Facades\Schema::getColumnListing('settings')
#6 [internal function]: Backpack\Settings\SettingsServiceProvider->boot()
#7 C:\Users\Sajith\myproject1\vendor\laravel\framework\src\Illuminate\Container\BoundMethod.php(30): call_user_func_array(Array, Array)
#8 C:\Users\Sajith\myproject1\vendor\laravel\framework\src\Illuminate\Container\BoundMethod.php(87): Illuminate\Container\BoundMethod::Illuminate\Container\{closure}()
#9 C:\Users\Sajith\myproject1\vendor\laravel\framework\src\Illuminate\Container\BoundMethod.php(31): Illuminate\Container\BoundMethod::callBoundMethod(Object(Illuminate\Foundation\Application), Array, Object(Closure))
#10 C:\Users\Sajith\myproject1\vendor\laravel\framework\src\Illuminate\Container\Container.php(531): Illuminate\Container\BoundMethod::call(Object(Illuminate\Foundation\Application), Array, Array, NULL)
#11 C:\Users\Sajith\myproject1\vendor\laravel\framework\src\Illuminate\Foundation\Application.php(768): Illuminate\Container\Container->call(Array)
#12 C:\Users\Sajith\myproject1\vendor\laravel\framework\src\Illuminate\Foundation\Application.php(751): Illuminate\Foundation\Application->bootProvider(Object(Backpack\Settings\SettingsServiceProvider))
#13 [internal function]: Illuminate\Foundation\Application->Illuminate\Foundation\{closure}(Object(Backpack\Settings\SettingsServiceProvider), 31)
#14 C:\Users\Sajith\myproject1\vendor\laravel\framework\src\Illuminate\Foundation\Application.php(752): array_walk(Array, Object(Closure))
#15 C:\Users\Sajith\myproject1\vendor\laravel\framework\src\Illuminate\Foundation\Bootstrap\BootProviders.php(17): Illuminate\Foundation\Application->boot()
#16 C:\Users\Sajith\myproject1\vendor\laravel\framework\src\Illuminate\Foundation\Application.php(208): Illuminate\Foundation\Bootstrap\BootProviders->bootstrap(Object(Illuminate\Foundation\Application))
#17 C:\Users\Sajith\myproject1\vendor\laravel\framework\src\Illuminate\Foundation\Http\Kernel.php(160): Illuminate\Foundation\Application->bootstrapWith(Array)
#18 C:\Users\Sajith\myproject1\vendor\laravel\framework\src\Illuminate\Foundation\Http\Kernel.php(144): Illuminate\Foundation\Http\Kernel->bootstrap()
#19 C:\Users\Sajith\myproject1\vendor\laravel\framework\src\Illuminate\Foundation\Http\Kernel.php(116): Illuminate\Foundation\Http\Kernel->sendRequestThroughRouter(Object(Illuminate\Http\Request))
#20 C:\Users\Sajith\myproject1\public\index.php(54): Illuminate\Foundation\Http\Kernel->handle(Object(Illuminate\Http\Request))
#21 C:\Users\Sajith\myproject1\server.php(21): require_once('C:\\Users\\Sajith...')
#22 {main}  
